<?xml version="1.0" encoding="UTF-8"?>
<testsuite name="CalculatorTest" tests="2" skipped="0" failures="0" errors="0" timestamp="2024-04-01T16:51:06" hostname="kaste" time="0.002">
  <properties/>
  <testcase name="verifyAdditionOne" classname="CalculatorTest" time="0.001"/>
  <testcase name="verifyAdditionTwo" classname="CalculatorTest" time="0.001"/>
  <system-out><![CDATA[]]></system-out>
  <system-err><![CDATA[]]></system-err>
</testsuite>
